Post Processor Report
OrCAD FILE: E:\00.LAVORI IN CORSO\METALTRONICA\25-334-1 (PFC )\25-334-1.MAX
Tue Feb 03 19:33:37 2026

*********************************************************

Output file: E:\00.LAVORI IN CORSO\METALTRONICA\25-334-1 (PFC )\25-334-1.TOP

Aperture totals for E:\00.LAVORI IN CORSO\METALTRONICA\25-334-1 (PFC )\25-334-1.TOP:
---------------------------------------------------------
D10:  0.1378 ROUND  --       0 Draws,       8 Flashes
D11:  0.1968 ROUND  --       0 Draws,       4 Flashes
D12:  0.0800 ROUND  --       0 Draws,       7 Flashes
D13:  0.5118 ROUND  --       0 Draws,       4 Flashes
D14:  0.0800 SQUARE --       0 Draws,       1 Flashes
D15:  0.1500 SQUARE --       0 Draws,       4 Flashes
D16:  0.2756 SQUARE --       0 Draws,       3 Flashes
D17:  0.2756 ROUND  --       0 Draws,       3 Flashes
D18:  0.1200 ROUND  --       0 Draws,       5 Flashes
D19:  0.1200 SQUARE --       0 Draws,       1 Flashes
D20:  0.0787 ROUND  --       0 Draws,      10 Flashes
D21:  0.0787 SQUARE --       0 Draws,       3 Flashes
D22:  0.1181 x 0.0787 OBLONG    -----       4 Flashes
D23:  0.0669 ROUND  --       0 Draws,       6 Flashes
D24:  0.0669 SQUARE --       0 Draws,       2 Flashes
D25:  0.0866 ROUND  --       0 Draws,      55 Flashes
D26:  0.1500 ROUND  --       0 Draws,       4 Flashes
D27:  0.1736 x 0.0787 RECTANGLE -----       2 Flashes
D28:  0.0236 x 0.0787 RECTANGLE -----       8 Flashes
D29:  0.0276 ROUND  --       0 Draws,       2 Flashes
D30:  0.0590 ROUND  --       0 Draws,     612 Flashes
D31:  0.0100 ROUND  --    4771 Draws,       0 Flashes
D32:  0.0050 ROUND  --     473 Draws,       0 Flashes
D33:  0.0276 ROUND  --       0 Draws,       2 Flashes
D34:  0.0276 ROUND  --       0 Draws,     249 Flashes
D35:  0.0250 ROUND  --      41 Draws,       0 Flashes
D36:  0.0150 ROUND  --       7 Draws,       0 Flashes
D37:  0.0276 ROUND  --       0 Draws,      21 Flashes
D38:  0.0500 ROUND  --       3 Draws,       0 Flashes
D39:  0.0590 ROUND  --       0 Draws,       1 Flashes
D40:  0.0060 ROUND  --      17 Draws,       0 Flashes
---------------------------------------------------------
 31 D-Codes      -----    5312 Draws,    1021 Flashes

*********************************************************

Output file: E:\00.LAVORI IN CORSO\METALTRONICA\25-334-1 (PFC )\25-334-1.BOT

Aperture totals for E:\00.LAVORI IN CORSO\METALTRONICA\25-334-1 (PFC )\25-334-1.BOT:
---------------------------------------------------------
D10:  0.1378 ROUND  --       0 Draws,       8 Flashes
D11:  0.1968 ROUND  --       0 Draws,       4 Flashes
D12:  0.0800 ROUND  --       0 Draws,       7 Flashes
D13:  0.5118 ROUND  --       0 Draws,       4 Flashes
D14:  0.0800 SQUARE --       0 Draws,       1 Flashes
D15:  0.1500 SQUARE --       0 Draws,       4 Flashes
D16:  0.2756 SQUARE --       0 Draws,       3 Flashes
D17:  0.2756 ROUND  --       0 Draws,       3 Flashes
D18:  0.1200 ROUND  --       0 Draws,       5 Flashes
D19:  0.1200 SQUARE --       0 Draws,       1 Flashes
D20:  0.0787 ROUND  --       0 Draws,      10 Flashes
D21:  0.0787 SQUARE --       0 Draws,       3 Flashes
D22:  0.1181 x 0.0787 OBLONG    -----       4 Flashes
D23:  0.0669 ROUND  --       0 Draws,       6 Flashes
D24:  0.0669 SQUARE --       0 Draws,       2 Flashes
D25:  0.0866 ROUND  --       0 Draws,      55 Flashes
D26:  0.1500 ROUND  --       0 Draws,       4 Flashes
D27:  0.1736 x 0.0787 RECTANGLE -----       2 Flashes
D28:  0.0236 x 0.0787 RECTANGLE -----       8 Flashes
D29:  0.0276 ROUND  --       0 Draws,       2 Flashes
D30:  0.0590 ROUND  --       0 Draws,     612 Flashes
D31:  0.0100 ROUND  --    4867 Draws,       0 Flashes
D32:  0.0050 ROUND  --     599 Draws,       0 Flashes
D34:  0.0276 ROUND  --       0 Draws,     267 Flashes
D35:  0.0250 ROUND  --     532 Draws,       1 Flashes
D36:  0.0150 ROUND  --      72 Draws,       0 Flashes
D37:  0.0276 ROUND  --       0 Draws,       5 Flashes
D38:  0.0500 ROUND  --      32 Draws,       0 Flashes
D39:  0.0590 ROUND  --       0 Draws,       1 Flashes
D40:  0.0060 ROUND  --      21 Draws,       0 Flashes
D41:  0.1024 x 0.0510 RECTANGLE -----      22 Flashes
D42:  0.0380 x 0.0320 RECTANGLE -----     152 Flashes
D43:  0.0905 x 0.0886 RECTANGLE -----       2 Flashes
D44:  0.0886 x 0.0905 RECTANGLE -----       8 Flashes
D45:  0.0320 x 0.0380 RECTANGLE -----     110 Flashes
D46:  0.0404 x 0.0501 RECTANGLE -----      16 Flashes
D47:  0.0710 x 0.0400 RECTANGLE -----      14 Flashes
D48:  0.0400 x 0.0710 RECTANGLE -----      48 Flashes
D49:  0.0570 x 0.0590 RECTANGLE -----       4 Flashes
D50:  0.0590 x 0.0570 RECTANGLE -----       2 Flashes
D51:  0.0315 x 0.0197 RECTANGLE -----       2 Flashes
D52:  0.0500 x 0.0400 RECTANGLE -----      36 Flashes
D53:  0.0501 x 0.0404 RECTANGLE -----       8 Flashes
D54:  0.0187 ROUND  --       0 Draws,       2 Flashes
D55:  0.0413 x 0.0236 RECTANGLE -----       4 Flashes
D56:  0.0500 x 0.0270 RECTANGLE -----      15 Flashes
D57:  0.1000 x 0.0600 RECTANGLE -----       2 Flashes
D58:  0.2760 SQUARE --       0 Draws,       1 Flashes
D59:  0.0400 x 0.0500 RECTANGLE -----       6 Flashes
D60:  0.1080 x 0.0850 RECTANGLE -----       4 Flashes
D61:  0.0320 x 0.0640 RECTANGLE -----       3 Flashes
D62:  0.0320 x 0.0940 RECTANGLE -----       1 Flashes
D63:  0.0680 x 0.1580 RECTANGLE -----       1 Flashes
D64:  0.0680 x 0.0550 RECTANGLE -----       3 Flashes
D65:  0.0650 x 0.0256 OBLONG    -----      36 Flashes
D66:  0.0110 x 0.0700 OBLONG    -----      28 Flashes
D67:  0.0110 x 0.0700 RECTANGLE -----       4 Flashes
D68:  0.0700 x 0.0110 OBLONG    -----      29 Flashes
D69:  0.0700 x 0.0110 RECTANGLE -----       3 Flashes
D70:  0.0120 x 0.0600 OBLONG    -----      30 Flashes
D71:  0.0120 x 0.0600 RECTANGLE -----       2 Flashes
D72:  0.0571 x 0.0256 RECTANGLE -----      72 Flashes
D73:  0.0590 x 0.0118 OBLONG    -----      16 Flashes
D74:  0.0039 ROUND  --      70 Draws,       0 Flashes
---------------------------------------------------------
 64 D-Codes      -----    6193 Draws,    1708 Flashes

*********************************************************

Output file: E:\00.LAVORI IN CORSO\METALTRONICA\25-334-1 (PFC )\25-334-1.IN1

Aperture totals for E:\00.LAVORI IN CORSO\METALTRONICA\25-334-1 (PFC )\25-334-1.IN1:
---------------------------------------------------------
D10:  0.1378 ROUND  --       0 Draws,       8 Flashes
D11:  0.1968 ROUND  --       0 Draws,       4 Flashes
D12:  0.0800 ROUND  --       0 Draws,       7 Flashes
D13:  0.5118 ROUND  --       0 Draws,       4 Flashes
D14:  0.0800 SQUARE --       0 Draws,       1 Flashes
D15:  0.1500 SQUARE --       0 Draws,       4 Flashes
D16:  0.2756 SQUARE --       0 Draws,       3 Flashes
D17:  0.2756 ROUND  --       0 Draws,       3 Flashes
D18:  0.1200 ROUND  --       0 Draws,       5 Flashes
D19:  0.1200 SQUARE --       0 Draws,       1 Flashes
D20:  0.0787 ROUND  --       0 Draws,      10 Flashes
D21:  0.0787 SQUARE --       0 Draws,       3 Flashes
D22:  0.1181 x 0.0787 OBLONG    -----       4 Flashes
D23:  0.0669 ROUND  --       0 Draws,       6 Flashes
D24:  0.0669 SQUARE --       0 Draws,       2 Flashes
D25:  0.0866 ROUND  --       0 Draws,      55 Flashes
D26:  0.1500 ROUND  --       0 Draws,       4 Flashes
D29:  0.0276 ROUND  --       0 Draws,       2 Flashes
D30:  0.0590 ROUND  --       0 Draws,     612 Flashes
D31:  0.0100 ROUND  --    9170 Draws,       0 Flashes
D32:  0.0050 ROUND  --     473 Draws,       0 Flashes
D33:  0.0276 ROUND  --       0 Draws,      58 Flashes
D34:  0.0276 ROUND  --       0 Draws,      90 Flashes
D35:  0.0250 ROUND  --       8 Draws,       0 Flashes
D37:  0.0276 ROUND  --       0 Draws,     124 Flashes
D75:  0.0590 ROUND  --       0 Draws,       1 Flashes
---------------------------------------------------------
 26 D-Codes      -----    9651 Draws,    1011 Flashes

*********************************************************

Output file: E:\00.LAVORI IN CORSO\METALTRONICA\25-334-1 (PFC )\25-334-1.IN2

Aperture totals for E:\00.LAVORI IN CORSO\METALTRONICA\25-334-1 (PFC )\25-334-1.IN2:
---------------------------------------------------------
D10:  0.1378 ROUND  --       0 Draws,       8 Flashes
D11:  0.1968 ROUND  --       0 Draws,       4 Flashes
D12:  0.0800 ROUND  --       0 Draws,       7 Flashes
D13:  0.5118 ROUND  --       0 Draws,       4 Flashes
D14:  0.0800 SQUARE --       0 Draws,       1 Flashes
D15:  0.1500 SQUARE --       0 Draws,       4 Flashes
D16:  0.2756 SQUARE --       0 Draws,       3 Flashes
D17:  0.2756 ROUND  --       0 Draws,       3 Flashes
D18:  0.1200 ROUND  --       0 Draws,       5 Flashes
D19:  0.1200 SQUARE --       0 Draws,       1 Flashes
D20:  0.0787 ROUND  --       0 Draws,      10 Flashes
D21:  0.0787 SQUARE --       0 Draws,       3 Flashes
D22:  0.1181 x 0.0787 OBLONG    -----       4 Flashes
D23:  0.0669 ROUND  --       0 Draws,       6 Flashes
D24:  0.0669 SQUARE --       0 Draws,       2 Flashes
D25:  0.0866 ROUND  --       0 Draws,      55 Flashes
D26:  0.1500 ROUND  --       0 Draws,       4 Flashes
D29:  0.0276 ROUND  --       0 Draws,       2 Flashes
D30:  0.0590 ROUND  --       0 Draws,     612 Flashes
D31:  0.0100 ROUND  --   10399 Draws,       0 Flashes
D32:  0.0050 ROUND  --     473 Draws,       0 Flashes
D33:  0.0276 ROUND  --       0 Draws,      51 Flashes
D34:  0.0276 ROUND  --       0 Draws,     115 Flashes
D35:  0.0250 ROUND  --      17 Draws,       0 Flashes
D37:  0.0276 ROUND  --       0 Draws,     106 Flashes
D38:  0.0500 ROUND  --      12 Draws,       0 Flashes
D75:  0.0590 ROUND  --       0 Draws,       1 Flashes
---------------------------------------------------------
 27 D-Codes      -----   10901 Draws,    1011 Flashes

*********************************************************

Output file: E:\00.LAVORI IN CORSO\METALTRONICA\25-334-1 (PFC )\25-334-1.SMT

Aperture totals for E:\00.LAVORI IN CORSO\METALTRONICA\25-334-1 (PFC )\25-334-1.SMT:
---------------------------------------------------------
D10:  0.1378 ROUND  --       0 Draws,       8 Flashes
D12:  0.0800 ROUND  --       0 Draws,       7 Flashes
D13:  0.5118 ROUND  --       0 Draws,       4 Flashes
D14:  0.0800 SQUARE --       0 Draws,       1 Flashes
D15:  0.1500 SQUARE --       0 Draws,       4 Flashes
D16:  0.2756 SQUARE --       0 Draws,       3 Flashes
D17:  0.2756 ROUND  --       0 Draws,       3 Flashes
D18:  0.1200 ROUND  --       0 Draws,       5 Flashes
D19:  0.1200 SQUARE --       0 Draws,       1 Flashes
D20:  0.0787 ROUND  --       0 Draws,      10 Flashes
D21:  0.0787 SQUARE --       0 Draws,       3 Flashes
D22:  0.1181 x 0.0787 OBLONG    -----       4 Flashes
D23:  0.0669 ROUND  --       0 Draws,       6 Flashes
D24:  0.0669 SQUARE --       0 Draws,       2 Flashes
D25:  0.0866 ROUND  --       0 Draws,      55 Flashes
D26:  0.1500 ROUND  --       0 Draws,       4 Flashes
D27:  0.1736 x 0.0787 RECTANGLE -----       2 Flashes
D28:  0.0236 x 0.0787 RECTANGLE -----       8 Flashes
D76:  0.1968 ROUND  --      17 Draws,       0 Flashes
---------------------------------------------------------
 19 D-Codes      -----      17 Draws,     130 Flashes

*********************************************************

Output file: E:\00.LAVORI IN CORSO\METALTRONICA\25-334-1 (PFC )\25-334-1.SMB

Aperture totals for E:\00.LAVORI IN CORSO\METALTRONICA\25-334-1 (PFC )\25-334-1.SMB:
---------------------------------------------------------
D10:  0.1378 ROUND  --       0 Draws,       8 Flashes
D12:  0.0800 ROUND  --       0 Draws,       7 Flashes
D13:  0.5118 ROUND  --       0 Draws,       4 Flashes
D14:  0.0800 SQUARE --       0 Draws,       1 Flashes
D15:  0.1500 SQUARE --       0 Draws,       4 Flashes
D16:  0.2756 SQUARE --       0 Draws,       3 Flashes
D17:  0.2756 ROUND  --       0 Draws,       3 Flashes
D18:  0.1200 ROUND  --       0 Draws,       5 Flashes
D19:  0.1200 SQUARE --       0 Draws,       1 Flashes
D20:  0.0787 ROUND  --       0 Draws,      10 Flashes
D21:  0.0787 SQUARE --       0 Draws,       3 Flashes
D22:  0.1181 x 0.0787 OBLONG    -----       4 Flashes
D23:  0.0669 ROUND  --       0 Draws,       6 Flashes
D24:  0.0669 SQUARE --       0 Draws,       2 Flashes
D25:  0.0866 ROUND  --       0 Draws,      55 Flashes
D26:  0.1500 ROUND  --       0 Draws,       4 Flashes
D27:  0.1736 x 0.0787 RECTANGLE -----       2 Flashes
D28:  0.0236 x 0.0787 RECTANGLE -----       8 Flashes
D32:  0.0050 ROUND  --     160 Draws,       0 Flashes
D40:  0.0060 ROUND  --      48 Draws,       0 Flashes
D41:  0.1024 x 0.0510 RECTANGLE -----      22 Flashes
D42:  0.0380 x 0.0320 RECTANGLE -----     152 Flashes
D43:  0.0905 x 0.0886 RECTANGLE -----       2 Flashes
D44:  0.0886 x 0.0905 RECTANGLE -----       8 Flashes
D45:  0.0320 x 0.0380 RECTANGLE -----     110 Flashes
D46:  0.0404 x 0.0501 RECTANGLE -----      16 Flashes
D47:  0.0710 x 0.0400 RECTANGLE -----      14 Flashes
D48:  0.0400 x 0.0710 RECTANGLE -----      48 Flashes
D49:  0.0570 x 0.0590 RECTANGLE -----       4 Flashes
D50:  0.0590 x 0.0570 RECTANGLE -----       2 Flashes
D51:  0.0315 x 0.0197 RECTANGLE -----       2 Flashes
D52:  0.0500 x 0.0400 RECTANGLE -----      36 Flashes
D53:  0.0501 x 0.0404 RECTANGLE -----       8 Flashes
D55:  0.0413 x 0.0236 RECTANGLE -----       4 Flashes
D56:  0.0500 x 0.0270 RECTANGLE -----      15 Flashes
D57:  0.1000 x 0.0600 RECTANGLE -----       2 Flashes
D58:  0.2760 SQUARE --       0 Draws,       1 Flashes
D59:  0.0400 x 0.0500 RECTANGLE -----       6 Flashes
D60:  0.1080 x 0.0850 RECTANGLE -----       4 Flashes
D61:  0.0320 x 0.0640 RECTANGLE -----       3 Flashes
D62:  0.0320 x 0.0940 RECTANGLE -----       1 Flashes
D63:  0.0680 x 0.1580 RECTANGLE -----       1 Flashes
D64:  0.0680 x 0.0550 RECTANGLE -----       3 Flashes
D65:  0.0650 x 0.0256 OBLONG    -----      36 Flashes
D66:  0.0110 x 0.0700 OBLONG    -----      28 Flashes
D67:  0.0110 x 0.0700 RECTANGLE -----       4 Flashes
D68:  0.0700 x 0.0110 OBLONG    -----      29 Flashes
D69:  0.0700 x 0.0110 RECTANGLE -----       3 Flashes
D70:  0.0120 x 0.0600 OBLONG    -----      30 Flashes
D71:  0.0120 x 0.0600 RECTANGLE -----       2 Flashes
D72:  0.0571 x 0.0256 RECTANGLE -----      72 Flashes
D73:  0.0590 x 0.0118 OBLONG    -----      16 Flashes
D76:  0.1968 ROUND  --      22 Draws,       0 Flashes
---------------------------------------------------------
 53 D-Codes      -----     230 Draws,     814 Flashes

*********************************************************

Output file: E:\00.LAVORI IN CORSO\METALTRONICA\25-334-1 (PFC )\25-334-1.SPT

Aperture totals for E:\00.LAVORI IN CORSO\METALTRONICA\25-334-1 (PFC )\25-334-1.SPT:
---------------------------------------------------------
D27:  0.1736 x 0.0787 RECTANGLE -----       2 Flashes
D28:  0.0236 x 0.0787 RECTANGLE -----       8 Flashes
---------------------------------------------------------
  2 D-Codes      -----       0 Draws,      10 Flashes

*********************************************************

Output file: E:\00.LAVORI IN CORSO\METALTRONICA\25-334-1 (PFC )\25-334-1.SPB

Aperture totals for E:\00.LAVORI IN CORSO\METALTRONICA\25-334-1 (PFC )\25-334-1.SPB:
---------------------------------------------------------
D27:  0.1736 x 0.0787 RECTANGLE -----       2 Flashes
D28:  0.0236 x 0.0787 RECTANGLE -----       8 Flashes
D31:  0.0100 ROUND  --     104 Draws,       0 Flashes
D32:  0.0050 ROUND  --     160 Draws,       0 Flashes
D40:  0.0060 ROUND  --      48 Draws,       0 Flashes
D41:  0.1024 x 0.0510 RECTANGLE -----      22 Flashes
D42:  0.0380 x 0.0320 RECTANGLE -----     152 Flashes
D43:  0.0905 x 0.0886 RECTANGLE -----       2 Flashes
D44:  0.0886 x 0.0905 RECTANGLE -----       8 Flashes
D45:  0.0320 x 0.0380 RECTANGLE -----     110 Flashes
D46:  0.0404 x 0.0501 RECTANGLE -----      16 Flashes
D47:  0.0710 x 0.0400 RECTANGLE -----      14 Flashes
D48:  0.0400 x 0.0710 RECTANGLE -----      48 Flashes
D49:  0.0570 x 0.0590 RECTANGLE -----       4 Flashes
D50:  0.0590 x 0.0570 RECTANGLE -----       2 Flashes
D51:  0.0315 x 0.0197 RECTANGLE -----       2 Flashes
D52:  0.0500 x 0.0400 RECTANGLE -----      36 Flashes
D53:  0.0501 x 0.0404 RECTANGLE -----       8 Flashes
D55:  0.0413 x 0.0236 RECTANGLE -----       4 Flashes
D56:  0.0500 x 0.0270 RECTANGLE -----      15 Flashes
D57:  0.1000 x 0.0600 RECTANGLE -----       2 Flashes
D59:  0.0400 x 0.0500 RECTANGLE -----       6 Flashes
D60:  0.1080 x 0.0850 RECTANGLE -----       4 Flashes
D61:  0.0320 x 0.0640 RECTANGLE -----       3 Flashes
D62:  0.0320 x 0.0940 RECTANGLE -----       1 Flashes
D63:  0.0680 x 0.1580 RECTANGLE -----       1 Flashes
D64:  0.0680 x 0.0550 RECTANGLE -----       3 Flashes
D65:  0.0650 x 0.0256 OBLONG    -----      36 Flashes
D66:  0.0110 x 0.0700 OBLONG    -----      28 Flashes
D67:  0.0110 x 0.0700 RECTANGLE -----       4 Flashes
D68:  0.0700 x 0.0110 OBLONG    -----      29 Flashes
D69:  0.0700 x 0.0110 RECTANGLE -----       3 Flashes
D70:  0.0120 x 0.0600 OBLONG    -----      30 Flashes
D71:  0.0120 x 0.0600 RECTANGLE -----       2 Flashes
D72:  0.0571 x 0.0256 RECTANGLE -----      72 Flashes
D73:  0.0590 x 0.0118 OBLONG    -----      16 Flashes
---------------------------------------------------------
 36 D-Codes      -----     312 Draws,     693 Flashes

*********************************************************

Output file: E:\00.LAVORI IN CORSO\METALTRONICA\25-334-1 (PFC )\25-334-1.SST

Aperture totals for E:\00.LAVORI IN CORSO\METALTRONICA\25-334-1 (PFC )\25-334-1.SST:
---------------------------------------------------------
D31:  0.0100 ROUND  --     203 Draws,       0 Flashes
D40:  0.0060 ROUND  --    2030 Draws,      39 Flashes
D77:  0.0080 ROUND  --     287 Draws,       0 Flashes
D78:  0.0394 ROUND  --       8 Draws,       0 Flashes
---------------------------------------------------------
  4 D-Codes      -----    2528 Draws,      39 Flashes

*********************************************************

Output file: E:\00.LAVORI IN CORSO\METALTRONICA\25-334-1 (PFC )\25-334-1.SSB

Aperture totals for E:\00.LAVORI IN CORSO\METALTRONICA\25-334-1 (PFC )\25-334-1.SSB:
---------------------------------------------------------
D31:  0.0100 ROUND  --      76 Draws,       0 Flashes
D32:  0.0050 ROUND  --       4 Draws,       0 Flashes
D40:  0.0060 ROUND  --    8261 Draws,       2 Flashes
D77:  0.0080 ROUND  --      14 Draws,       0 Flashes
D79:  0.0079 ROUND  --      78 Draws,       0 Flashes
D80:  0.0010 ROUND  --     142 Draws,       0 Flashes
D81:  0.0157 ROUND  --       4 Draws,       0 Flashes
---------------------------------------------------------
  7 D-Codes      -----    8579 Draws,       2 Flashes

*********************************************************

Output file: E:\00.LAVORI IN CORSO\METALTRONICA\25-334-1 (PFC )\25-334-1.DRD

Aperture totals for E:\00.LAVORI IN CORSO\METALTRONICA\25-334-1 (PFC )\25-334-1.DRD:
---------------------------------------------------------
D31:  0.0100 ROUND  --    8006 Draws,       0 Flashes
---------------------------------------------------------
  1 D-Codes      -----    8006 Draws,       0 Flashes

*********************************************************

Output file: E:\00.LAVORI IN CORSO\METALTRONICA\25-334-1 (PFC )\25-334-1.DRL

Aperture totals for E:\00.LAVORI IN CORSO\METALTRONICA\25-334-1 (PFC )\25-334-1.DRL:
---------------------------------------------------------
D10:  0.1378 ROUND  --       0 Draws,       8 Flashes
D23:  0.0669 ROUND  --       0 Draws,       4 Flashes
D29:  0.0276 ROUND  --       0 Draws,     612 Flashes
D30:  0.0590 ROUND  --       0 Draws,       4 Flashes
D31:  0.0100 ROUND  --      96 Draws,       0 Flashes
D37:  0.0276 ROUND  --       0 Draws,       1 Flashes
D78:  0.0394 ROUND  --       9 Draws,       0 Flashes
D82:  0.1063 ROUND  --       0 Draws,       4 Flashes
D83:  0.0433 ROUND  --       0 Draws,      19 Flashes
D84:  0.2362 ROUND  --       0 Draws,       4 Flashes
D85:  0.1575 ROUND  --       0 Draws,       6 Flashes
D86:  0.0591 ROUND  --       0 Draws,      38 Flashes
D87:  0.0630 ROUND  --       0 Draws,       4 Flashes
D88:  0.0472 ROUND  --       0 Draws,       8 Flashes
D89:  0.0394 ROUND  --       0 Draws,      25 Flashes
D90:  0.0079 ROUND  --       0 Draws,       2 Flashes
D91:  0.0787 ROUND  --      18 Draws,       0 Flashes
D92:  0.0079 ROUND  --       0 Draws,      58 Flashes
D93:  0.0079 ROUND  --       0 Draws,     214 Flashes
---------------------------------------------------------
 19 D-Codes      -----     123 Draws,    1011 Flashes


*********************************************************

Aperture totals for entire project:
---------------------------------------------------------
D10:  0.1378 ROUND  --       0 Draws,      56 Flashes
D11:  0.1968 ROUND  --       0 Draws,      16 Flashes
D12:  0.0800 ROUND  --       0 Draws,      42 Flashes
D13:  0.5118 ROUND  --       0 Draws,      24 Flashes
D14:  0.0800 SQUARE --       0 Draws,       6 Flashes
D15:  0.1500 SQUARE --       0 Draws,      24 Flashes
D16:  0.2756 SQUARE --       0 Draws,      18 Flashes
D17:  0.2756 ROUND  --       0 Draws,      18 Flashes
D18:  0.1200 ROUND  --       0 Draws,      30 Flashes
D19:  0.1200 SQUARE --       0 Draws,       6 Flashes
D20:  0.0787 ROUND  --       0 Draws,      60 Flashes
D21:  0.0787 SQUARE --       0 Draws,      18 Flashes
D22:  0.1181 x 0.0787 OBLONG    -----      24 Flashes
D23:  0.0669 ROUND  --       0 Draws,      40 Flashes
D24:  0.0669 SQUARE --       0 Draws,      12 Flashes
D25:  0.0866 ROUND  --       0 Draws,     330 Flashes
D26:  0.1500 ROUND  --       0 Draws,      24 Flashes
D27:  0.1736 x 0.0787 RECTANGLE -----      12 Flashes
D28:  0.0236 x 0.0787 RECTANGLE -----      48 Flashes
D29:  0.0276 ROUND  --       0 Draws,     620 Flashes
D30:  0.0590 ROUND  --       0 Draws,    2452 Flashes
D31:  0.0100 ROUND  --   37692 Draws,       0 Flashes
D32:  0.0050 ROUND  --    2342 Draws,       0 Flashes
D33:  0.0276 ROUND  --       0 Draws,     111 Flashes
D34:  0.0276 ROUND  --       0 Draws,     721 Flashes
D35:  0.0250 ROUND  --     598 Draws,       1 Flashes
D36:  0.0150 ROUND  --      79 Draws,       0 Flashes
D37:  0.0276 ROUND  --       0 Draws,     257 Flashes
D38:  0.0500 ROUND  --      47 Draws,       0 Flashes
D39:  0.0590 ROUND  --       0 Draws,       2 Flashes
D40:  0.0060 ROUND  --   10425 Draws,      41 Flashes
D41:  0.1024 x 0.0510 RECTANGLE -----      66 Flashes
D42:  0.0380 x 0.0320 RECTANGLE -----     456 Flashes
D43:  0.0905 x 0.0886 RECTANGLE -----       6 Flashes
D44:  0.0886 x 0.0905 RECTANGLE -----      24 Flashes
D45:  0.0320 x 0.0380 RECTANGLE -----     330 Flashes
D46:  0.0404 x 0.0501 RECTANGLE -----      48 Flashes
D47:  0.0710 x 0.0400 RECTANGLE -----      42 Flashes
D48:  0.0400 x 0.0710 RECTANGLE -----     144 Flashes
D49:  0.0570 x 0.0590 RECTANGLE -----      12 Flashes
D50:  0.0590 x 0.0570 RECTANGLE -----       6 Flashes
D51:  0.0315 x 0.0197 RECTANGLE -----       6 Flashes
D52:  0.0500 x 0.0400 RECTANGLE -----     108 Flashes
D53:  0.0501 x 0.0404 RECTANGLE -----      24 Flashes
D54:  0.0187 ROUND  --       0 Draws,       2 Flashes
D55:  0.0413 x 0.0236 RECTANGLE -----      12 Flashes
D56:  0.0500 x 0.0270 RECTANGLE -----      45 Flashes
D57:  0.1000 x 0.0600 RECTANGLE -----       6 Flashes
D58:  0.2760 SQUARE --       0 Draws,       2 Flashes
D59:  0.0400 x 0.0500 RECTANGLE -----      18 Flashes
D60:  0.1080 x 0.0850 RECTANGLE -----      12 Flashes
D61:  0.0320 x 0.0640 RECTANGLE -----       9 Flashes
D62:  0.0320 x 0.0940 RECTANGLE -----       3 Flashes
D63:  0.0680 x 0.1580 RECTANGLE -----       3 Flashes
D64:  0.0680 x 0.0550 RECTANGLE -----       9 Flashes
D65:  0.0650 x 0.0256 OBLONG    -----     108 Flashes
D66:  0.0110 x 0.0700 OBLONG    -----      84 Flashes
D67:  0.0110 x 0.0700 RECTANGLE -----      12 Flashes
D68:  0.0700 x 0.0110 OBLONG    -----      87 Flashes
D69:  0.0700 x 0.0110 RECTANGLE -----       9 Flashes
D70:  0.0120 x 0.0600 OBLONG    -----      90 Flashes
D71:  0.0120 x 0.0600 RECTANGLE -----       6 Flashes
D72:  0.0571 x 0.0256 RECTANGLE -----     216 Flashes
D73:  0.0590 x 0.0118 OBLONG    -----      48 Flashes
D74:  0.0039 ROUND  --      70 Draws,       0 Flashes
D75:  0.0590 ROUND  --       0 Draws,       2 Flashes
D76:  0.1968 ROUND  --      39 Draws,       0 Flashes
D77:  0.0080 ROUND  --     301 Draws,       0 Flashes
D78:  0.0394 ROUND  --      17 Draws,       0 Flashes
D79:  0.0079 ROUND  --      78 Draws,       0 Flashes
D80:  0.0010 ROUND  --     142 Draws,       0 Flashes
D81:  0.0157 ROUND  --       4 Draws,       0 Flashes
D82:  0.1063 ROUND  --       0 Draws,       4 Flashes
D83:  0.0433 ROUND  --       0 Draws,      19 Flashes
D84:  0.2362 ROUND  --       0 Draws,       4 Flashes
D85:  0.1575 ROUND  --       0 Draws,       6 Flashes
D86:  0.0591 ROUND  --       0 Draws,      38 Flashes
D87:  0.0630 ROUND  --       0 Draws,       4 Flashes
D88:  0.0472 ROUND  --       0 Draws,       8 Flashes
D89:  0.0394 ROUND  --       0 Draws,      25 Flashes
D90:  0.0079 ROUND  --       0 Draws,       2 Flashes
D91:  0.0787 ROUND  --      18 Draws,       0 Flashes
D92:  0.0079 ROUND  --       0 Draws,      58 Flashes
D93:  0.0079 ROUND  --       0 Draws,     214 Flashes
---------------------------------------------------------
 84 D-Codes      -----   51852 Draws,    7450 Flashes


No warnings or errors.
