Post Processor Report
OrCAD FILE: D:\00.LAVORI IN CORSO\METALTRONICA\25-334-0 (PFC )\25-334-0.MAX
Wed Jun 04 21:49:47 2025

*********************************************************

Output file: D:\00.LAVORI IN CORSO\METALTRONICA\25-334-0 (PFC )\25-334-0.TOP

Aperture totals for D:\00.LAVORI IN CORSO\METALTRONICA\25-334-0 (PFC )\25-334-0.TOP:
---------------------------------------------------------
D10:  0.1378 ROUND  --       0 Draws,      10 Flashes
D11:  0.1968 ROUND  --       0 Draws,       6 Flashes
D12:  0.0394 ROUND  --       0 Draws,       3 Flashes
D13:  0.1024 x 0.0510 RECTANGLE -----      12 Flashes
D14:  0.0380 x 0.0320 RECTANGLE -----     178 Flashes
D15:  0.0886 x 0.0905 RECTANGLE -----      12 Flashes
D16:  0.0800 ROUND  --       0 Draws,       5 Flashes
D17:  0.5118 ROUND  --       0 Draws,       4 Flashes
D18:  0.0800 SQUARE --       0 Draws,       1 Flashes
D19:  0.0710 x 0.0400 RECTANGLE -----      24 Flashes
D20:  0.0501 x 0.0404 RECTANGLE -----      22 Flashes
D21:  0.1500 ROUND  --       0 Draws,       8 Flashes
D22:  0.0197 x 0.0315 RECTANGLE -----       2 Flashes
D23:  0.0500 x 0.0400 RECTANGLE -----      21 Flashes
D24:  0.0472 SQUARE --       0 Draws,       2 Flashes
D25:  0.0404 x 0.0501 RECTANGLE -----       2 Flashes
D26:  0.0984 ROUND  --       0 Draws,       5 Flashes
D27:  0.2756 ROUND  --       0 Draws,       6 Flashes
D28:  0.1181 ROUND  --       0 Draws,       1 Flashes
D29:  0.1181 SQUARE --       0 Draws,       1 Flashes
D30:  0.1200 ROUND  --       0 Draws,       1 Flashes
D31:  0.1200 SQUARE --       0 Draws,       1 Flashes
D32:  0.0512 ROUND  --       0 Draws,       3 Flashes
D33:  0.0866 ROUND  --       0 Draws,      26 Flashes
D34:  0.0669 SQUARE --       0 Draws,       1 Flashes
D35:  0.0669 ROUND  --       0 Draws,       1 Flashes
D36:  0.0787 ROUND  --       0 Draws,      23 Flashes
D37:  0.0787 SQUARE --       0 Draws,       4 Flashes
D38:  0.0630 SQUARE --       0 Draws,       1 Flashes
D39:  0.0630 ROUND  --       0 Draws,       1 Flashes
D40:  0.0187 ROUND  --       0 Draws,       2 Flashes
D41:  0.0270 x 0.0500 RECTANGLE -----      15 Flashes
D42:  0.1000 x 0.0600 RECTANGLE -----       2 Flashes
D43:  0.2760 SQUARE --       0 Draws,       1 Flashes
D44:  0.0709 ROUND  --       0 Draws,      16 Flashes
D45:  0.0400 x 0.0500 RECTANGLE -----      21 Flashes
D46:  0.0680 x 0.1580 RECTANGLE -----       2 Flashes
D47:  0.0680 x 0.0550 RECTANGLE -----       6 Flashes
D48:  0.0510 x 0.1024 RECTANGLE -----       4 Flashes
D49:  0.0320 x 0.0380 RECTANGLE -----      14 Flashes
D50:  0.1080 x 0.0850 RECTANGLE -----       4 Flashes
D51:  0.0984 SQUARE --       0 Draws,       1 Flashes
D52:  0.0236 x 0.0512 RECTANGLE -----       8 Flashes
D53:  0.1736 x 0.0787 RECTANGLE -----       2 Flashes
D54:  0.0236 x 0.0787 RECTANGLE -----       8 Flashes
D55:  0.0256 x 0.0650 OBLONG    -----      60 Flashes
D56:  0.0787 x 0.1736 RECTANGLE -----       2 Flashes
D57:  0.0787 x 0.0236 RECTANGLE -----       8 Flashes
D58:  0.0118 x 0.0590 OBLONG    -----      16 Flashes
D59:  0.0110 x 0.0700 OBLONG    -----      28 Flashes
D60:  0.0110 x 0.0700 RECTANGLE -----       4 Flashes
D61:  0.0700 x 0.0110 OBLONG    -----      29 Flashes
D62:  0.0700 x 0.0110 RECTANGLE -----       3 Flashes
D63:  0.0984 x 0.0590 OBLONG    -----       5 Flashes
D64:  0.0630 x 0.0236 OBLONG    -----       7 Flashes
D65:  0.0630 x 0.0236 RECTANGLE -----       1 Flashes
D66:  0.0650 x 0.0256 OBLONG    -----       8 Flashes
D67:  0.0320 x 0.0640 RECTANGLE -----       4 Flashes
D68:  0.0600 x 0.0700 RECTANGLE -----       4 Flashes
D69:  0.0276 ROUND  --       0 Draws,     415 Flashes
D70:  0.0100 ROUND  --    4610 Draws,       0 Flashes
D71:  0.0050 ROUND  --     183 Draws,       0 Flashes
D72:  0.0276 ROUND  --       0 Draws,       1 Flashes
D73:  0.0080 ROUND  --     432 Draws,       0 Flashes
D74:  0.0250 ROUND  --     664 Draws,       0 Flashes
D75:  0.0276 ROUND  --       0 Draws,     192 Flashes
D76:  0.0500 ROUND  --      58 Draws,       0 Flashes
D77:  0.0120 ROUND  --     160 Draws,       0 Flashes
D78:  0.0276 ROUND  --       0 Draws,       4 Flashes
D79:  0.0060 ROUND  --      17 Draws,       0 Flashes
---------------------------------------------------------
 70 D-Codes      -----    6124 Draws,    1284 Flashes

*********************************************************

Output file: D:\00.LAVORI IN CORSO\METALTRONICA\25-334-0 (PFC )\25-334-0.BOT

Aperture totals for D:\00.LAVORI IN CORSO\METALTRONICA\25-334-0 (PFC )\25-334-0.BOT:
---------------------------------------------------------
D10:  0.1378 ROUND  --       0 Draws,      10 Flashes
D11:  0.1968 ROUND  --       0 Draws,       6 Flashes
D16:  0.0800 ROUND  --       0 Draws,       5 Flashes
D17:  0.5118 ROUND  --       0 Draws,       4 Flashes
D18:  0.0800 SQUARE --       0 Draws,       1 Flashes
D21:  0.1500 ROUND  --       0 Draws,       8 Flashes
D26:  0.0984 ROUND  --       0 Draws,       5 Flashes
D27:  0.2756 ROUND  --       0 Draws,       6 Flashes
D28:  0.1181 ROUND  --       0 Draws,       1 Flashes
D29:  0.1181 SQUARE --       0 Draws,       1 Flashes
D30:  0.1200 ROUND  --       0 Draws,       1 Flashes
D31:  0.1200 SQUARE --       0 Draws,       1 Flashes
D32:  0.0512 ROUND  --       0 Draws,       3 Flashes
D33:  0.0866 ROUND  --       0 Draws,      26 Flashes
D34:  0.0669 SQUARE --       0 Draws,       1 Flashes
D35:  0.0669 ROUND  --       0 Draws,       1 Flashes
D36:  0.0787 ROUND  --       0 Draws,      23 Flashes
D37:  0.0787 SQUARE --       0 Draws,       4 Flashes
D38:  0.0630 SQUARE --       0 Draws,       1 Flashes
D39:  0.0630 ROUND  --       0 Draws,       1 Flashes
D44:  0.0709 ROUND  --       0 Draws,      16 Flashes
D51:  0.0984 SQUARE --       0 Draws,       1 Flashes
D63:  0.0984 x 0.0590 OBLONG    -----       5 Flashes
D69:  0.0276 ROUND  --       0 Draws,     415 Flashes
D70:  0.0100 ROUND  --    9779 Draws,       0 Flashes
D72:  0.0276 ROUND  --       0 Draws,       3 Flashes
D73:  0.0080 ROUND  --      45 Draws,       0 Flashes
D74:  0.0250 ROUND  --      47 Draws,       0 Flashes
D75:  0.0276 ROUND  --       0 Draws,     185 Flashes
D76:  0.0500 ROUND  --       1 Draws,       0 Flashes
D77:  0.0120 ROUND  --       4 Draws,       0 Flashes
D78:  0.0276 ROUND  --       0 Draws,       9 Flashes
D79:  0.0060 ROUND  --      21 Draws,       0 Flashes
---------------------------------------------------------
 33 D-Codes      -----    9897 Draws,     743 Flashes

*********************************************************

Output file: D:\00.LAVORI IN CORSO\METALTRONICA\25-334-0 (PFC )\25-334-0.IN1

Aperture totals for D:\00.LAVORI IN CORSO\METALTRONICA\25-334-0 (PFC )\25-334-0.IN1:
---------------------------------------------------------
D10:  0.1378 ROUND  --       0 Draws,      10 Flashes
D11:  0.1968 ROUND  --       0 Draws,       6 Flashes
D16:  0.0800 ROUND  --       0 Draws,       5 Flashes
D17:  0.5118 ROUND  --       0 Draws,       4 Flashes
D18:  0.0800 SQUARE --       0 Draws,       1 Flashes
D21:  0.1500 ROUND  --       0 Draws,       8 Flashes
D26:  0.0984 ROUND  --       0 Draws,       5 Flashes
D27:  0.2756 ROUND  --       0 Draws,       6 Flashes
D28:  0.1181 ROUND  --       0 Draws,       1 Flashes
D29:  0.1181 SQUARE --       0 Draws,       1 Flashes
D30:  0.1200 ROUND  --       0 Draws,       1 Flashes
D31:  0.1200 SQUARE --       0 Draws,       1 Flashes
D32:  0.0512 ROUND  --       0 Draws,       3 Flashes
D33:  0.0866 ROUND  --       0 Draws,      26 Flashes
D34:  0.0669 SQUARE --       0 Draws,       1 Flashes
D35:  0.0669 ROUND  --       0 Draws,       1 Flashes
D36:  0.0787 ROUND  --       0 Draws,      23 Flashes
D37:  0.0787 SQUARE --       0 Draws,       4 Flashes
D38:  0.0630 SQUARE --       0 Draws,       1 Flashes
D39:  0.0630 ROUND  --       0 Draws,       1 Flashes
D44:  0.0709 ROUND  --       0 Draws,      16 Flashes
D51:  0.0984 SQUARE --       0 Draws,       1 Flashes
D63:  0.0984 x 0.0590 OBLONG    -----       5 Flashes
D69:  0.0276 ROUND  --       0 Draws,     415 Flashes
D70:  0.0100 ROUND  --    7432 Draws,       0 Flashes
D72:  0.0276 ROUND  --       0 Draws,       4 Flashes
D73:  0.0080 ROUND  --      71 Draws,       0 Flashes
D74:  0.0250 ROUND  --      24 Draws,       0 Flashes
D75:  0.0276 ROUND  --       0 Draws,     174 Flashes
D76:  0.0500 ROUND  --       6 Draws,       0 Flashes
D78:  0.0276 ROUND  --       0 Draws,      19 Flashes
D80:  0.1000 ROUND  --       7 Draws,       0 Flashes
---------------------------------------------------------
 32 D-Codes      -----    7540 Draws,     743 Flashes

*********************************************************

Output file: D:\00.LAVORI IN CORSO\METALTRONICA\25-334-0 (PFC )\25-334-0.IN2

Aperture totals for D:\00.LAVORI IN CORSO\METALTRONICA\25-334-0 (PFC )\25-334-0.IN2:
---------------------------------------------------------
D10:  0.1378 ROUND  --       0 Draws,      10 Flashes
D11:  0.1968 ROUND  --       0 Draws,       6 Flashes
D16:  0.0800 ROUND  --       0 Draws,       5 Flashes
D17:  0.5118 ROUND  --       0 Draws,       4 Flashes
D18:  0.0800 SQUARE --       0 Draws,       1 Flashes
D21:  0.1500 ROUND  --       0 Draws,       8 Flashes
D26:  0.0984 ROUND  --       0 Draws,       5 Flashes
D27:  0.2756 ROUND  --       0 Draws,       6 Flashes
D28:  0.1181 ROUND  --       0 Draws,       1 Flashes
D29:  0.1181 SQUARE --       0 Draws,       1 Flashes
D30:  0.1200 ROUND  --       0 Draws,       1 Flashes
D31:  0.1200 SQUARE --       0 Draws,       1 Flashes
D32:  0.0512 ROUND  --       0 Draws,       3 Flashes
D33:  0.0866 ROUND  --       0 Draws,      26 Flashes
D34:  0.0669 SQUARE --       0 Draws,       1 Flashes
D35:  0.0669 ROUND  --       0 Draws,       1 Flashes
D36:  0.0787 ROUND  --       0 Draws,      23 Flashes
D37:  0.0787 SQUARE --       0 Draws,       4 Flashes
D38:  0.0630 SQUARE --       0 Draws,       1 Flashes
D39:  0.0630 ROUND  --       0 Draws,       1 Flashes
D44:  0.0709 ROUND  --       0 Draws,      16 Flashes
D51:  0.0984 SQUARE --       0 Draws,       1 Flashes
D63:  0.0984 x 0.0590 OBLONG    -----       5 Flashes
D69:  0.0276 ROUND  --       0 Draws,     415 Flashes
D70:  0.0100 ROUND  --    3490 Draws,       0 Flashes
D72:  0.0276 ROUND  --       0 Draws,      81 Flashes
D74:  0.0250 ROUND  --      33 Draws,       0 Flashes
D75:  0.0276 ROUND  --       0 Draws,      62 Flashes
D78:  0.0276 ROUND  --       0 Draws,      54 Flashes
---------------------------------------------------------
 29 D-Codes      -----    3523 Draws,     743 Flashes

*********************************************************

Output file: D:\00.LAVORI IN CORSO\METALTRONICA\25-334-0 (PFC )\25-334-0.SMT

Aperture totals for D:\00.LAVORI IN CORSO\METALTRONICA\25-334-0 (PFC )\25-334-0.SMT:
---------------------------------------------------------
D10:  0.1378 ROUND  --       0 Draws,      10 Flashes
D11:  0.1968 ROUND  --       0 Draws,       2 Flashes
D13:  0.1024 x 0.0510 RECTANGLE -----      12 Flashes
D14:  0.0380 x 0.0320 RECTANGLE -----     178 Flashes
D15:  0.0886 x 0.0905 RECTANGLE -----      12 Flashes
D16:  0.0800 ROUND  --       0 Draws,       5 Flashes
D17:  0.5118 ROUND  --       0 Draws,       4 Flashes
D18:  0.0800 SQUARE --       0 Draws,       1 Flashes
D19:  0.0710 x 0.0400 RECTANGLE -----      24 Flashes
D20:  0.0501 x 0.0404 RECTANGLE -----      22 Flashes
D21:  0.1500 ROUND  --       0 Draws,       8 Flashes
D22:  0.0197 x 0.0315 RECTANGLE -----       2 Flashes
D23:  0.0500 x 0.0400 RECTANGLE -----      21 Flashes
D24:  0.0472 SQUARE --       0 Draws,       2 Flashes
D25:  0.0404 x 0.0501 RECTANGLE -----       2 Flashes
D26:  0.0984 ROUND  --       0 Draws,       5 Flashes
D27:  0.2756 ROUND  --       0 Draws,       6 Flashes
D28:  0.1181 ROUND  --       0 Draws,       1 Flashes
D29:  0.1181 SQUARE --       0 Draws,       1 Flashes
D30:  0.1200 ROUND  --       0 Draws,       1 Flashes
D31:  0.1200 SQUARE --       0 Draws,       1 Flashes
D33:  0.0866 ROUND  --       0 Draws,      26 Flashes
D34:  0.0669 SQUARE --       0 Draws,       1 Flashes
D35:  0.0669 ROUND  --       0 Draws,       1 Flashes
D36:  0.0787 ROUND  --       0 Draws,      23 Flashes
D37:  0.0787 SQUARE --       0 Draws,       4 Flashes
D38:  0.0630 SQUARE --       0 Draws,       1 Flashes
D39:  0.0630 ROUND  --       0 Draws,       1 Flashes
D41:  0.0270 x 0.0500 RECTANGLE -----      15 Flashes
D42:  0.1000 x 0.0600 RECTANGLE -----       2 Flashes
D43:  0.2760 SQUARE --       0 Draws,       1 Flashes
D44:  0.0709 ROUND  --       0 Draws,      16 Flashes
D45:  0.0400 x 0.0500 RECTANGLE -----      21 Flashes
D46:  0.0680 x 0.1580 RECTANGLE -----       2 Flashes
D47:  0.0680 x 0.0550 RECTANGLE -----       6 Flashes
D48:  0.0510 x 0.1024 RECTANGLE -----       4 Flashes
D49:  0.0320 x 0.0380 RECTANGLE -----      14 Flashes
D50:  0.1080 x 0.0850 RECTANGLE -----       4 Flashes
D51:  0.0984 SQUARE --       0 Draws,       1 Flashes
D52:  0.0236 x 0.0512 RECTANGLE -----       8 Flashes
D53:  0.1736 x 0.0787 RECTANGLE -----       2 Flashes
D54:  0.0236 x 0.0787 RECTANGLE -----       8 Flashes
D55:  0.0256 x 0.0650 OBLONG    -----      60 Flashes
D56:  0.0787 x 0.1736 RECTANGLE -----       2 Flashes
D57:  0.0787 x 0.0236 RECTANGLE -----       8 Flashes
D58:  0.0118 x 0.0590 OBLONG    -----      16 Flashes
D59:  0.0110 x 0.0700 OBLONG    -----      28 Flashes
D60:  0.0110 x 0.0700 RECTANGLE -----       4 Flashes
D61:  0.0700 x 0.0110 OBLONG    -----      29 Flashes
D62:  0.0700 x 0.0110 RECTANGLE -----       3 Flashes
D63:  0.0984 x 0.0590 OBLONG    -----       5 Flashes
D64:  0.0630 x 0.0236 OBLONG    -----       7 Flashes
D65:  0.0630 x 0.0236 RECTANGLE -----       1 Flashes
D66:  0.0650 x 0.0256 OBLONG    -----       8 Flashes
D67:  0.0320 x 0.0640 RECTANGLE -----       4 Flashes
D68:  0.0600 x 0.0700 RECTANGLE -----       4 Flashes
D70:  0.0100 ROUND  --     315 Draws,       0 Flashes
D71:  0.0050 ROUND  --     217 Draws,       0 Flashes
D81:  0.0590 ROUND  --       0 Draws,       3 Flashes
D82:  0.0787 ROUND  --      73 Draws,       0 Flashes
---------------------------------------------------------
 60 D-Codes      -----     605 Draws,     663 Flashes

*********************************************************

Output file: D:\00.LAVORI IN CORSO\METALTRONICA\25-334-0 (PFC )\25-334-0.SMB

Aperture totals for D:\00.LAVORI IN CORSO\METALTRONICA\25-334-0 (PFC )\25-334-0.SMB:
---------------------------------------------------------
D10:  0.1378 ROUND  --       0 Draws,      10 Flashes
D11:  0.1968 ROUND  --       0 Draws,       2 Flashes
D16:  0.0800 ROUND  --       0 Draws,       5 Flashes
D17:  0.5118 ROUND  --       0 Draws,       4 Flashes
D18:  0.0800 SQUARE --       0 Draws,       1 Flashes
D21:  0.1500 ROUND  --       0 Draws,       8 Flashes
D26:  0.0984 ROUND  --       0 Draws,       5 Flashes
D27:  0.2756 ROUND  --       0 Draws,       6 Flashes
D28:  0.1181 ROUND  --       0 Draws,       1 Flashes
D29:  0.1181 SQUARE --       0 Draws,       1 Flashes
D30:  0.1200 ROUND  --       0 Draws,       1 Flashes
D31:  0.1200 SQUARE --       0 Draws,       1 Flashes
D33:  0.0866 ROUND  --       0 Draws,      26 Flashes
D34:  0.0669 SQUARE --       0 Draws,       1 Flashes
D35:  0.0669 ROUND  --       0 Draws,       1 Flashes
D36:  0.0787 ROUND  --       0 Draws,      23 Flashes
D37:  0.0787 SQUARE --       0 Draws,       4 Flashes
D38:  0.0630 SQUARE --       0 Draws,       1 Flashes
D39:  0.0630 ROUND  --       0 Draws,       1 Flashes
D44:  0.0709 ROUND  --       0 Draws,      16 Flashes
D51:  0.0984 SQUARE --       0 Draws,       1 Flashes
D63:  0.0984 x 0.0590 OBLONG    -----       5 Flashes
D70:  0.0100 ROUND  --     308 Draws,       0 Flashes
D82:  0.0787 ROUND  --      82 Draws,       0 Flashes
---------------------------------------------------------
 24 D-Codes      -----     390 Draws,     124 Flashes

*********************************************************

Output file: D:\00.LAVORI IN CORSO\METALTRONICA\25-334-0 (PFC )\25-334-0.SPT

Aperture totals for D:\00.LAVORI IN CORSO\METALTRONICA\25-334-0 (PFC )\25-334-0.SPT:
---------------------------------------------------------
D13:  0.1024 x 0.0510 RECTANGLE -----      12 Flashes
D14:  0.0380 x 0.0320 RECTANGLE -----     178 Flashes
D15:  0.0886 x 0.0905 RECTANGLE -----      12 Flashes
D19:  0.0710 x 0.0400 RECTANGLE -----      24 Flashes
D20:  0.0501 x 0.0404 RECTANGLE -----      22 Flashes
D22:  0.0197 x 0.0315 RECTANGLE -----       2 Flashes
D23:  0.0500 x 0.0400 RECTANGLE -----      21 Flashes
D25:  0.0404 x 0.0501 RECTANGLE -----       2 Flashes
D41:  0.0270 x 0.0500 RECTANGLE -----      15 Flashes
D42:  0.1000 x 0.0600 RECTANGLE -----       2 Flashes
D45:  0.0400 x 0.0500 RECTANGLE -----      21 Flashes
D46:  0.0680 x 0.1580 RECTANGLE -----       2 Flashes
D47:  0.0680 x 0.0550 RECTANGLE -----       6 Flashes
D48:  0.0510 x 0.1024 RECTANGLE -----       4 Flashes
D49:  0.0320 x 0.0380 RECTANGLE -----      14 Flashes
D50:  0.1080 x 0.0850 RECTANGLE -----       4 Flashes
D52:  0.0236 x 0.0512 RECTANGLE -----       8 Flashes
D53:  0.1736 x 0.0787 RECTANGLE -----       2 Flashes
D54:  0.0236 x 0.0787 RECTANGLE -----       8 Flashes
D55:  0.0256 x 0.0650 OBLONG    -----      60 Flashes
D56:  0.0787 x 0.1736 RECTANGLE -----       2 Flashes
D57:  0.0787 x 0.0236 RECTANGLE -----       8 Flashes
D58:  0.0118 x 0.0590 OBLONG    -----      16 Flashes
D59:  0.0110 x 0.0700 OBLONG    -----      28 Flashes
D60:  0.0110 x 0.0700 RECTANGLE -----       4 Flashes
D61:  0.0700 x 0.0110 OBLONG    -----      29 Flashes
D62:  0.0700 x 0.0110 RECTANGLE -----       3 Flashes
D64:  0.0630 x 0.0236 OBLONG    -----       7 Flashes
D65:  0.0630 x 0.0236 RECTANGLE -----       1 Flashes
D66:  0.0650 x 0.0256 OBLONG    -----       8 Flashes
D67:  0.0320 x 0.0640 RECTANGLE -----       4 Flashes
D68:  0.0600 x 0.0700 RECTANGLE -----       4 Flashes
D70:  0.0100 ROUND  --     104 Draws,       0 Flashes
D71:  0.0050 ROUND  --     191 Draws,       0 Flashes
D83:  0.0433 SQUARE --       0 Draws,       2 Flashes
---------------------------------------------------------
 35 D-Codes      -----     295 Draws,     535 Flashes

*********************************************************

Output file: D:\00.LAVORI IN CORSO\METALTRONICA\25-334-0 (PFC )\25-334-0.SST

Aperture totals for D:\00.LAVORI IN CORSO\METALTRONICA\25-334-0 (PFC )\25-334-0.SST:
---------------------------------------------------------
D70:  0.0100 ROUND  --     238 Draws,       0 Flashes
D71:  0.0050 ROUND  --       4 Draws,       0 Flashes
D73:  0.0080 ROUND  --     381 Draws,       0 Flashes
D79:  0.0060 ROUND  --    7313 Draws,      36 Flashes
D84:  0.0079 ROUND  --      90 Draws,       0 Flashes
D85:  0.0157 ROUND  --       4 Draws,       0 Flashes
D86:  0.0010 ROUND  --     142 Draws,       0 Flashes
D87:  0.0394 ROUND  --       6 Draws,       0 Flashes
---------------------------------------------------------
  8 D-Codes      -----    8178 Draws,      36 Flashes

*********************************************************

Output file: D:\00.LAVORI IN CORSO\METALTRONICA\25-334-0 (PFC )\25-334-0.SSB

Aperture totals for D:\00.LAVORI IN CORSO\METALTRONICA\25-334-0 (PFC )\25-334-0.SSB:
---------------------------------------------------------
D70:  0.0100 ROUND  --      12 Draws,       0 Flashes
D79:  0.0060 ROUND  --    1065 Draws,       0 Flashes
D84:  0.0079 ROUND  --      43 Draws,       0 Flashes
---------------------------------------------------------
  3 D-Codes      -----    1120 Draws,       0 Flashes

*********************************************************

Output file: D:\00.LAVORI IN CORSO\METALTRONICA\25-334-0 (PFC )\25-334-0.DRD

Aperture totals for D:\00.LAVORI IN CORSO\METALTRONICA\25-334-0 (PFC )\25-334-0.DRD:
---------------------------------------------------------
D70:  0.0100 ROUND  --    3974 Draws,       0 Flashes
---------------------------------------------------------
  1 D-Codes      -----    3974 Draws,       0 Flashes

*********************************************************

Output file: D:\00.LAVORI IN CORSO\METALTRONICA\25-334-0 (PFC )\25-334-0.DRL

Aperture totals for D:\00.LAVORI IN CORSO\METALTRONICA\25-334-0 (PFC )\25-334-0.DRL:
---------------------------------------------------------
D10:  0.1378 ROUND  --       0 Draws,      10 Flashes
D12:  0.0394 ROUND  --       0 Draws,      10 Flashes
D32:  0.0512 ROUND  --       0 Draws,      19 Flashes
D35:  0.0669 ROUND  --       0 Draws,       4 Flashes
D39:  0.0630 ROUND  --       0 Draws,       2 Flashes
D44:  0.0709 ROUND  --       0 Draws,       2 Flashes
D70:  0.0100 ROUND  --      98 Draws,       0 Flashes
D81:  0.0590 ROUND  --       0 Draws,      24 Flashes
D82:  0.0787 ROUND  --      25 Draws,       0 Flashes
D87:  0.0394 ROUND  --      14 Draws,       0 Flashes
D88:  0.1063 ROUND  --       0 Draws,       6 Flashes
D89:  0.0433 ROUND  --       0 Draws,      42 Flashes
D90:  0.2362 ROUND  --       0 Draws,       4 Flashes
D91:  0.1575 ROUND  --       0 Draws,       6 Flashes
D92:  0.0472 ROUND  --       0 Draws,       2 Flashes
D93:  0.0079 ROUND  --       0 Draws,     415 Flashes
D94:  0.0590 ROUND  --       9 Draws,       0 Flashes
D95:  0.0079 ROUND  --       0 Draws,      81 Flashes
D96:  0.0079 ROUND  --       0 Draws,     116 Flashes
---------------------------------------------------------
 19 D-Codes      -----     146 Draws,     743 Flashes


*********************************************************

Aperture totals for entire project:
---------------------------------------------------------
D10:  0.1378 ROUND  --       0 Draws,      70 Flashes
D11:  0.1968 ROUND  --       0 Draws,      28 Flashes
D12:  0.0394 ROUND  --       0 Draws,      13 Flashes
D13:  0.1024 x 0.0510 RECTANGLE -----      36 Flashes
D14:  0.0380 x 0.0320 RECTANGLE -----     534 Flashes
D15:  0.0886 x 0.0905 RECTANGLE -----      36 Flashes
D16:  0.0800 ROUND  --       0 Draws,      30 Flashes
D17:  0.5118 ROUND  --       0 Draws,      24 Flashes
D18:  0.0800 SQUARE --       0 Draws,       6 Flashes
D19:  0.0710 x 0.0400 RECTANGLE -----      72 Flashes
D20:  0.0501 x 0.0404 RECTANGLE -----      66 Flashes
D21:  0.1500 ROUND  --       0 Draws,      48 Flashes
D22:  0.0197 x 0.0315 RECTANGLE -----       6 Flashes
D23:  0.0500 x 0.0400 RECTANGLE -----      63 Flashes
D24:  0.0472 SQUARE --       0 Draws,       4 Flashes
D25:  0.0404 x 0.0501 RECTANGLE -----       6 Flashes
D26:  0.0984 ROUND  --       0 Draws,      30 Flashes
D27:  0.2756 ROUND  --       0 Draws,      36 Flashes
D28:  0.1181 ROUND  --       0 Draws,       6 Flashes
D29:  0.1181 SQUARE --       0 Draws,       6 Flashes
D30:  0.1200 ROUND  --       0 Draws,       6 Flashes
D31:  0.1200 SQUARE --       0 Draws,       6 Flashes
D32:  0.0512 ROUND  --       0 Draws,      31 Flashes
D33:  0.0866 ROUND  --       0 Draws,     156 Flashes
D34:  0.0669 SQUARE --       0 Draws,       6 Flashes
D35:  0.0669 ROUND  --       0 Draws,      10 Flashes
D36:  0.0787 ROUND  --       0 Draws,     138 Flashes
D37:  0.0787 SQUARE --       0 Draws,      24 Flashes
D38:  0.0630 SQUARE --       0 Draws,       6 Flashes
D39:  0.0630 ROUND  --       0 Draws,       8 Flashes
D40:  0.0187 ROUND  --       0 Draws,       2 Flashes
D41:  0.0270 x 0.0500 RECTANGLE -----      45 Flashes
D42:  0.1000 x 0.0600 RECTANGLE -----       6 Flashes
D43:  0.2760 SQUARE --       0 Draws,       2 Flashes
D44:  0.0709 ROUND  --       0 Draws,      98 Flashes
D45:  0.0400 x 0.0500 RECTANGLE -----      63 Flashes
D46:  0.0680 x 0.1580 RECTANGLE -----       6 Flashes
D47:  0.0680 x 0.0550 RECTANGLE -----      18 Flashes
D48:  0.0510 x 0.1024 RECTANGLE -----      12 Flashes
D49:  0.0320 x 0.0380 RECTANGLE -----      42 Flashes
D50:  0.1080 x 0.0850 RECTANGLE -----      12 Flashes
D51:  0.0984 SQUARE --       0 Draws,       6 Flashes
D52:  0.0236 x 0.0512 RECTANGLE -----      24 Flashes
D53:  0.1736 x 0.0787 RECTANGLE -----       6 Flashes
D54:  0.0236 x 0.0787 RECTANGLE -----      24 Flashes
D55:  0.0256 x 0.0650 OBLONG    -----     180 Flashes
D56:  0.0787 x 0.1736 RECTANGLE -----       6 Flashes
D57:  0.0787 x 0.0236 RECTANGLE -----      24 Flashes
D58:  0.0118 x 0.0590 OBLONG    -----      48 Flashes
D59:  0.0110 x 0.0700 OBLONG    -----      84 Flashes
D60:  0.0110 x 0.0700 RECTANGLE -----      12 Flashes
D61:  0.0700 x 0.0110 OBLONG    -----      87 Flashes
D62:  0.0700 x 0.0110 RECTANGLE -----       9 Flashes
D63:  0.0984 x 0.0590 OBLONG    -----      30 Flashes
D64:  0.0630 x 0.0236 OBLONG    -----      21 Flashes
D65:  0.0630 x 0.0236 RECTANGLE -----       3 Flashes
D66:  0.0650 x 0.0256 OBLONG    -----      24 Flashes
D67:  0.0320 x 0.0640 RECTANGLE -----      12 Flashes
D68:  0.0600 x 0.0700 RECTANGLE -----      12 Flashes
D69:  0.0276 ROUND  --       0 Draws,    1660 Flashes
D70:  0.0100 ROUND  --   30360 Draws,       0 Flashes
D71:  0.0050 ROUND  --     595 Draws,       0 Flashes
D72:  0.0276 ROUND  --       0 Draws,      89 Flashes
D73:  0.0080 ROUND  --     929 Draws,       0 Flashes
D74:  0.0250 ROUND  --     768 Draws,       0 Flashes
D75:  0.0276 ROUND  --       0 Draws,     613 Flashes
D76:  0.0500 ROUND  --      65 Draws,       0 Flashes
D77:  0.0120 ROUND  --     164 Draws,       0 Flashes
D78:  0.0276 ROUND  --       0 Draws,      86 Flashes
D79:  0.0060 ROUND  --    8416 Draws,      36 Flashes
D80:  0.1000 ROUND  --       7 Draws,       0 Flashes
D81:  0.0590 ROUND  --       0 Draws,      27 Flashes
D82:  0.0787 ROUND  --     180 Draws,       0 Flashes
D83:  0.0433 SQUARE --       0 Draws,       2 Flashes
D84:  0.0079 ROUND  --     133 Draws,       0 Flashes
D85:  0.0157 ROUND  --       4 Draws,       0 Flashes
D86:  0.0010 ROUND  --     142 Draws,       0 Flashes
D87:  0.0394 ROUND  --      20 Draws,       0 Flashes
D88:  0.1063 ROUND  --       0 Draws,       6 Flashes
D89:  0.0433 ROUND  --       0 Draws,      42 Flashes
D90:  0.2362 ROUND  --       0 Draws,       4 Flashes
D91:  0.1575 ROUND  --       0 Draws,       6 Flashes
D92:  0.0472 ROUND  --       0 Draws,       2 Flashes
D93:  0.0079 ROUND  --       0 Draws,     415 Flashes
D94:  0.0590 ROUND  --       9 Draws,       0 Flashes
D95:  0.0079 ROUND  --       0 Draws,      81 Flashes
D96:  0.0079 ROUND  --       0 Draws,     116 Flashes
---------------------------------------------------------
 87 D-Codes      -----   41792 Draws,    5614 Flashes


No warnings or errors.
